2018-08-30 15:17:18,909 [Worker-24: Importing Maven projects] INFO  o.e.m.c.i.e.AbstractTransferListenerAdapter - Downloading https://repo.maven.apache.org/maven2/org/springframework/boot/spring-boot-starter-parent/1.5.3.RELEASE/spring-boot-starter-parent-1.5.3.RELEASE.pom
2018-08-30 15:17:19,518 [Worker-24: Importing Maven projects] INFO  o.e.m.c.i.e.AbstractTransferListenerAdapter - Downloaded https://repo.maven.apache.org/maven2/org/springframework/boot/spring-boot-starter-parent/1.5.3.RELEASE/spring-boot-starter-parent-1.5.3.RELEASE.pom
2018-08-30 15:17:20,161 [Worker-24: Importing Maven projects] INFO  o.e.m.c.i.e.AbstractTransferListenerAdapter - Downloading https://repo.maven.apache.org/maven2/org/springframework/boot/spring-boot-dependencies/1.5.3.RELEASE/spring-boot-dependencies-1.5.3.RELEASE.pom
2018-08-30 15:17:20,969 [Worker-24: Importing Maven projects] INFO  o.e.m.c.i.e.AbstractTransferListenerAdapter - Downloaded https://repo.maven.apache.org/maven2/org/springframework/boot/spring-boot-dependencies/1.5.3.RELEASE/spring-boot-dependencies-1.5.3.RELEASE.pom
2018-08-30 15:17:21,324 [Worker-24: Importing Maven projects] INFO  o.e.m.c.i.e.AbstractTransferListenerAdapter - Downloading https://repo.maven.apache.org/maven2/com/fasterxml/jackson/jackson-bom/2.8.8/jackson-bom-2.8.8.pom
2018-08-30 15:17:21,532 [Worker-24: Importing Maven projects] INFO  o.e.m.c.i.e.AbstractTransferListenerAdapter - Downloaded https://repo.maven.apache.org/maven2/com/fasterxml/jackson/jackson-bom/2.8.8/jackson-bom-2.8.8.pom
2018-08-30 15:17:22,033 [Worker-24: Importing Maven projects] INFO  o.e.m.c.i.e.AbstractTransferListenerAdapter - Downloading https://repo.maven.apache.org/maven2/org/springframework/spring-framework-bom/4.3.8.RELEASE/spring-framework-bom-4.3.8.RELEASE.pom
2018-08-30 15:17:22,228 [Worker-24: Importing Maven projects] INFO  o.e.m.c.i.e.AbstractTransferListenerAdapter - Downloaded https://repo.maven.apache.org/maven2/org/springframework/spring-framework-bom/4.3.8.RELEASE/spring-framework-bom-4.3.8.RELEASE.pom
2018-08-30 15:17:22,467 [Worker-24: Importing Maven projects] INFO  o.e.m.c.i.e.AbstractTransferListenerAdapter - Downloading https://repo.maven.apache.org/maven2/org/springframework/data/spring-data-releasetrain/Ingalls-SR3/spring-data-releasetrain-Ingalls-SR3.pom
2018-08-30 15:17:22,668 [Worker-24: Importing Maven projects] INFO  o.e.m.c.i.e.AbstractTransferListenerAdapter - Downloaded https://repo.maven.apache.org/maven2/org/springframework/data/spring-data-releasetrain/Ingalls-SR3/spring-data-releasetrain-Ingalls-SR3.pom
2018-08-30 15:17:22,892 [Worker-24: Importing Maven projects] INFO  o.e.m.c.i.e.AbstractTransferListenerAdapter - Downloading https://repo.maven.apache.org/maven2/org/springframework/data/build/spring-data-build/1.9.3.RELEASE/spring-data-build-1.9.3.RELEASE.pom
2018-08-30 15:17:23,093 [Worker-24: Importing Maven projects] INFO  o.e.m.c.i.e.AbstractTransferListenerAdapter - Downloaded https://repo.maven.apache.org/maven2/org/springframework/data/build/spring-data-build/1.9.3.RELEASE/spring-data-build-1.9.3.RELEASE.pom
2018-08-30 15:17:23,296 [Worker-24: Importing Maven projects] INFO  o.e.m.c.i.e.AbstractTransferListenerAdapter - Downloading https://repo.maven.apache.org/maven2/org/springframework/integration/spring-integration-bom/4.3.9.RELEASE/spring-integration-bom-4.3.9.RELEASE.pom
2018-08-30 15:17:23,495 [Worker-24: Importing Maven projects] INFO  o.e.m.c.i.e.AbstractTransferListenerAdapter - Downloaded https://repo.maven.apache.org/maven2/org/springframework/integration/spring-integration-bom/4.3.9.RELEASE/spring-integration-bom-4.3.9.RELEASE.pom
2018-08-30 15:17:23,721 [Worker-24: Importing Maven projects] INFO  o.e.m.c.i.e.AbstractTransferListenerAdapter - Downloading https://repo.maven.apache.org/maven2/org/springframework/security/spring-security-bom/4.2.2.RELEASE/spring-security-bom-4.2.2.RELEASE.pom
2018-08-30 15:17:23,919 [Worker-24: Importing Maven projects] INFO  o.e.m.c.i.e.AbstractTransferListenerAdapter - Downloaded https://repo.maven.apache.org/maven2/org/springframework/security/spring-security-bom/4.2.2.RELEASE/spring-security-bom-4.2.2.RELEASE.pom
2018-08-30 15:17:26,194 [Worker-24: Importing Maven projects] INFO  o.e.m.c.i.e.AbstractTransferListenerAdapter - Downloading https://repo.maven.apache.org/maven2/org/springframework/boot/spring-boot-maven-plugin/1.5.3.RELEASE/spring-boot-maven-plugin-1.5.3.RELEASE.pom
2018-08-30 15:17:26,397 [Worker-24: Importing Maven projects] INFO  o.e.m.c.i.e.AbstractTransferListenerAdapter - Downloaded https://repo.maven.apache.org/maven2/org/springframework/boot/spring-boot-maven-plugin/1.5.3.RELEASE/spring-boot-maven-plugin-1.5.3.RELEASE.pom
2018-08-30 15:17:26,613 [Worker-24: Importing Maven projects] INFO  o.e.m.c.i.e.AbstractTransferListenerAdapter - Downloading https://repo.maven.apache.org/maven2/org/springframework/boot/spring-boot-tools/1.5.3.RELEASE/spring-boot-tools-1.5.3.RELEASE.pom
2018-08-30 15:17:26,807 [Worker-24: Importing Maven projects] INFO  o.e.m.c.i.e.AbstractTransferListenerAdapter - Downloaded https://repo.maven.apache.org/maven2/org/springframework/boot/spring-boot-tools/1.5.3.RELEASE/spring-boot-tools-1.5.3.RELEASE.pom
2018-08-30 15:17:27,004 [Worker-24: Importing Maven projects] INFO  o.e.m.c.i.e.AbstractTransferListenerAdapter - Downloading https://repo.maven.apache.org/maven2/org/springframework/boot/spring-boot-parent/1.5.3.RELEASE/spring-boot-parent-1.5.3.RELEASE.pom
2018-08-30 15:17:27,380 [Worker-24: Importing Maven projects] INFO  o.e.m.c.i.e.AbstractTransferListenerAdapter - Downloaded https://repo.maven.apache.org/maven2/org/springframework/boot/spring-boot-parent/1.5.3.RELEASE/spring-boot-parent-1.5.3.RELEASE.pom
2018-08-30 15:17:27,631 [Worker-24: Importing Maven projects] INFO  o.e.m.c.i.e.AbstractTransferListenerAdapter - Downloading https://repo.maven.apache.org/maven2/org/springframework/boot/spring-boot-maven-plugin/1.5.3.RELEASE/spring-boot-maven-plugin-1.5.3.RELEASE.jar
2018-08-30 15:17:28,052 [Worker-24: Importing Maven projects] INFO  o.e.m.c.i.e.AbstractTransferListenerAdapter - Downloaded https://repo.maven.apache.org/maven2/org/springframework/boot/spring-boot-maven-plugin/1.5.3.RELEASE/spring-boot-maven-plugin-1.5.3.RELEASE.jar
2018-08-30 15:17:38,310 [Worker-24: Importing Maven projects] INFO  o.e.m.c.i.l.LifecycleMappingFactory - Using org.eclipse.m2e.jdt.JarLifecycleMapping lifecycle mapping for MavenProject: com.javasampleapproach.restful:SpringBootAngularIntegration:0.0.1 @ D:\Bkp_Joseffer\Download\ExemploJava\SpringBoot_Angular\SpringBootAngularIntegration\pom.xml.
2018-08-30 15:17:38,904 [Worker-24: Importing Maven projects] INFO  o.e.m.c.i.e.AbstractTransferListenerAdapter - Downloading https://repo.maven.apache.org/maven2/org/springframework/boot/spring-boot-starter-web/1.5.3.RELEASE/spring-boot-starter-web-1.5.3.RELEASE.pom
2018-08-30 15:17:39,506 [Worker-24: Importing Maven projects] INFO  o.e.m.c.i.e.AbstractTransferListenerAdapter - Downloaded https://repo.maven.apache.org/maven2/org/springframework/boot/spring-boot-starter-web/1.5.3.RELEASE/spring-boot-starter-web-1.5.3.RELEASE.pom
2018-08-30 15:17:40,041 [Worker-24: Importing Maven projects] INFO  o.e.m.c.i.e.AbstractTransferListenerAdapter - Downloading https://repo.maven.apache.org/maven2/org/springframework/boot/spring-boot-starters/1.5.3.RELEASE/spring-boot-starters-1.5.3.RELEASE.pom
2018-08-30 15:17:40,380 [Worker-24: Importing Maven projects] INFO  o.e.m.c.i.e.AbstractTransferListenerAdapter - Downloaded https://repo.maven.apache.org/maven2/org/springframework/boot/spring-boot-starters/1.5.3.RELEASE/spring-boot-starters-1.5.3.RELEASE.pom
2018-08-30 15:17:40,754 [Worker-24: Importing Maven projects] INFO  o.e.m.c.i.e.AbstractTransferListenerAdapter - Downloading https://repo.maven.apache.org/maven2/org/springframework/boot/spring-boot-starter/1.5.3.RELEASE/spring-boot-starter-1.5.3.RELEASE.pom
2018-08-30 15:17:41,139 [Worker-24: Importing Maven projects] INFO  o.e.m.c.i.e.AbstractTransferListenerAdapter - Downloaded https://repo.maven.apache.org/maven2/org/springframework/boot/spring-boot-starter/1.5.3.RELEASE/spring-boot-starter-1.5.3.RELEASE.pom
2018-08-30 15:17:41,521 [Worker-24: Importing Maven projects] INFO  o.e.m.c.i.e.AbstractTransferListenerAdapter - Downloading https://repo.maven.apache.org/maven2/org/springframework/boot/spring-boot/1.5.3.RELEASE/spring-boot-1.5.3.RELEASE.pom
2018-08-30 15:17:41,877 [Worker-24: Importing Maven projects] INFO  o.e.m.c.i.e.AbstractTransferListenerAdapter - Downloaded https://repo.maven.apache.org/maven2/org/springframework/boot/spring-boot/1.5.3.RELEASE/spring-boot-1.5.3.RELEASE.pom
2018-08-30 15:17:42,254 [Worker-24: Importing Maven projects] INFO  o.e.m.c.i.e.AbstractTransferListenerAdapter - Downloading https://repo.maven.apache.org/maven2/org/springframework/spring-core/4.3.8.RELEASE/spring-core-4.3.8.RELEASE.pom
2018-08-30 15:17:42,634 [Worker-24: Importing Maven projects] INFO  o.e.m.c.i.e.AbstractTransferListenerAdapter - Downloaded https://repo.maven.apache.org/maven2/org/springframework/spring-core/4.3.8.RELEASE/spring-core-4.3.8.RELEASE.pom
2018-08-30 15:17:43,008 [Worker-24: Importing Maven projects] INFO  o.e.m.c.i.e.AbstractTransferListenerAdapter - Downloading https://repo.maven.apache.org/maven2/org/springframework/spring-context/4.3.8.RELEASE/spring-context-4.3.8.RELEASE.pom
2018-08-30 15:17:43,377 [Worker-24: Importing Maven projects] INFO  o.e.m.c.i.e.AbstractTransferListenerAdapter - Downloaded https://repo.maven.apache.org/maven2/org/springframework/spring-context/4.3.8.RELEASE/spring-context-4.3.8.RELEASE.pom
2018-08-30 15:17:43,674 [Worker-24: Importing Maven projects] INFO  o.e.m.c.i.e.AbstractTransferListenerAdapter - Downloading https://repo.maven.apache.org/maven2/org/springframework/spring-aop/4.3.8.RELEASE/spring-aop-4.3.8.RELEASE.pom
2018-08-30 15:17:43,978 [Worker-24: Importing Maven projects] INFO  o.e.m.c.i.e.AbstractTransferListenerAdapter - Downloaded https://repo.maven.apache.org/maven2/org/springframework/spring-aop/4.3.8.RELEASE/spring-aop-4.3.8.RELEASE.pom
2018-08-30 15:17:44,179 [Worker-24: Importing Maven projects] INFO  o.e.m.c.i.e.AbstractTransferListenerAdapter - Downloading https://repo.maven.apache.org/maven2/org/springframework/spring-beans/4.3.8.RELEASE/spring-beans-4.3.8.RELEASE.pom
2018-08-30 15:17:44,380 [Worker-24: Importing Maven projects] INFO  o.e.m.c.i.e.AbstractTransferListenerAdapter - Downloaded https://repo.maven.apache.org/maven2/org/springframework/spring-beans/4.3.8.RELEASE/spring-beans-4.3.8.RELEASE.pom
2018-08-30 15:17:44,612 [Worker-24: Importing Maven projects] INFO  o.e.m.c.i.e.AbstractTransferListenerAdapter - Downloading https://repo.maven.apache.org/maven2/org/springframework/spring-expression/4.3.8.RELEASE/spring-expression-4.3.8.RELEASE.pom
2018-08-30 15:17:44,808 [Worker-24: Importing Maven projects] INFO  o.e.m.c.i.e.AbstractTransferListenerAdapter - Downloaded https://repo.maven.apache.org/maven2/org/springframework/spring-expression/4.3.8.RELEASE/spring-expression-4.3.8.RELEASE.pom
2018-08-30 15:17:45,042 [Worker-24: Importing Maven projects] INFO  o.e.m.c.i.e.AbstractTransferListenerAdapter - Downloading https://repo.maven.apache.org/maven2/org/springframework/boot/spring-boot-autoconfigure/1.5.3.RELEASE/spring-boot-autoconfigure-1.5.3.RELEASE.pom
2018-08-30 15:17:45,250 [Worker-24: Importing Maven projects] INFO  o.e.m.c.i.e.AbstractTransferListenerAdapter - Downloaded https://repo.maven.apache.org/maven2/org/springframework/boot/spring-boot-autoconfigure/1.5.3.RELEASE/spring-boot-autoconfigure-1.5.3.RELEASE.pom
2018-08-30 15:17:45,454 [Worker-24: Importing Maven projects] INFO  o.e.m.c.i.e.AbstractTransferListenerAdapter - Downloading https://repo.maven.apache.org/maven2/org/springframework/boot/spring-boot-starter-logging/1.5.3.RELEASE/spring-boot-starter-logging-1.5.3.RELEASE.pom
2018-08-30 15:17:45,653 [Worker-24: Importing Maven projects] INFO  o.e.m.c.i.e.AbstractTransferListenerAdapter - Downloaded https://repo.maven.apache.org/maven2/org/springframework/boot/spring-boot-starter-logging/1.5.3.RELEASE/spring-boot-starter-logging-1.5.3.RELEASE.pom
2018-08-30 15:17:46,304 [Worker-24: Importing Maven projects] INFO  o.e.m.c.i.e.AbstractTransferListenerAdapter - Downloading https://repo.maven.apache.org/maven2/org/springframework/boot/spring-boot-starter-tomcat/1.5.3.RELEASE/spring-boot-starter-tomcat-1.5.3.RELEASE.pom
2018-08-30 15:17:46,503 [Worker-24: Importing Maven projects] INFO  o.e.m.c.i.e.AbstractTransferListenerAdapter - Downloaded https://repo.maven.apache.org/maven2/org/springframework/boot/spring-boot-starter-tomcat/1.5.3.RELEASE/spring-boot-starter-tomcat-1.5.3.RELEASE.pom
2018-08-30 15:17:46,745 [Worker-24: Importing Maven projects] INFO  o.e.m.c.i.e.AbstractTransferListenerAdapter - Downloading https://repo.maven.apache.org/maven2/org/apache/tomcat/embed/tomcat-embed-core/8.5.14/tomcat-embed-core-8.5.14.pom
2018-08-30 15:17:46,949 [Worker-24: Importing Maven projects] INFO  o.e.m.c.i.e.AbstractTransferListenerAdapter - Downloaded https://repo.maven.apache.org/maven2/org/apache/tomcat/embed/tomcat-embed-core/8.5.14/tomcat-embed-core-8.5.14.pom
2018-08-30 15:17:47,153 [Worker-24: Importing Maven projects] INFO  o.e.m.c.i.e.AbstractTransferListenerAdapter - Downloading https://repo.maven.apache.org/maven2/org/apache/tomcat/embed/tomcat-embed-el/8.5.14/tomcat-embed-el-8.5.14.pom
2018-08-30 15:17:47,355 [Worker-24: Importing Maven projects] INFO  o.e.m.c.i.e.AbstractTransferListenerAdapter - Downloaded https://repo.maven.apache.org/maven2/org/apache/tomcat/embed/tomcat-embed-el/8.5.14/tomcat-embed-el-8.5.14.pom
2018-08-30 15:17:47,600 [Worker-24: Importing Maven projects] INFO  o.e.m.c.i.e.AbstractTransferListenerAdapter - Downloading https://repo.maven.apache.org/maven2/org/apache/tomcat/embed/tomcat-embed-websocket/8.5.14/tomcat-embed-websocket-8.5.14.pom
2018-08-30 15:17:47,799 [Worker-24: Importing Maven projects] INFO  o.e.m.c.i.e.AbstractTransferListenerAdapter - Downloaded https://repo.maven.apache.org/maven2/org/apache/tomcat/embed/tomcat-embed-websocket/8.5.14/tomcat-embed-websocket-8.5.14.pom
2018-08-30 15:17:48,892 [Worker-24: Importing Maven projects] INFO  o.e.m.c.i.e.AbstractTransferListenerAdapter - Downloading https://repo.maven.apache.org/maven2/com/fasterxml/jackson/core/jackson-databind/2.8.8/jackson-databind-2.8.8.pom
2018-08-30 15:17:49,122 [Worker-24: Importing Maven projects] INFO  o.e.m.c.i.e.AbstractTransferListenerAdapter - Downloaded https://repo.maven.apache.org/maven2/com/fasterxml/jackson/core/jackson-databind/2.8.8/jackson-databind-2.8.8.pom
2018-08-30 15:17:49,402 [Worker-24: Importing Maven projects] INFO  o.e.m.c.i.e.AbstractTransferListenerAdapter - Downloading https://repo.maven.apache.org/maven2/com/fasterxml/jackson/core/jackson-core/2.8.8/jackson-core-2.8.8.pom
2018-08-30 15:17:49,602 [Worker-24: Importing Maven projects] INFO  o.e.m.c.i.e.AbstractTransferListenerAdapter - Downloaded https://repo.maven.apache.org/maven2/com/fasterxml/jackson/core/jackson-core/2.8.8/jackson-core-2.8.8.pom
2018-08-30 15:17:49,837 [Worker-24: Importing Maven projects] INFO  o.e.m.c.i.e.AbstractTransferListenerAdapter - Downloading https://repo.maven.apache.org/maven2/org/springframework/spring-web/4.3.8.RELEASE/spring-web-4.3.8.RELEASE.pom
2018-08-30 15:17:50,059 [Worker-24: Importing Maven projects] INFO  o.e.m.c.i.e.AbstractTransferListenerAdapter - Downloaded https://repo.maven.apache.org/maven2/org/springframework/spring-web/4.3.8.RELEASE/spring-web-4.3.8.RELEASE.pom
2018-08-30 15:17:50,263 [Worker-24: Importing Maven projects] INFO  o.e.m.c.i.e.AbstractTransferListenerAdapter - Downloading https://repo.maven.apache.org/maven2/org/springframework/spring-webmvc/4.3.8.RELEASE/spring-webmvc-4.3.8.RELEASE.pom
2018-08-30 15:17:50,563 [Worker-24: Importing Maven projects] INFO  o.e.m.c.i.e.AbstractTransferListenerAdapter - Downloaded https://repo.maven.apache.org/maven2/org/springframework/spring-webmvc/4.3.8.RELEASE/spring-webmvc-4.3.8.RELEASE.pom
2018-08-30 15:17:50,922 [Worker-24: Importing Maven projects] INFO  o.e.m.c.i.e.AbstractTransferListenerAdapter - Downloading https://repo.maven.apache.org/maven2/org/springframework/boot/spring-boot-starter-test/1.5.3.RELEASE/spring-boot-starter-test-1.5.3.RELEASE.pom
2018-08-30 15:17:51,234 [Worker-24: Importing Maven projects] INFO  o.e.m.c.i.e.AbstractTransferListenerAdapter - Downloaded https://repo.maven.apache.org/maven2/org/springframework/boot/spring-boot-starter-test/1.5.3.RELEASE/spring-boot-starter-test-1.5.3.RELEASE.pom
2018-08-30 15:17:51,621 [Worker-24: Importing Maven projects] INFO  o.e.m.c.i.e.AbstractTransferListenerAdapter - Downloading https://repo.maven.apache.org/maven2/org/springframework/boot/spring-boot-test/1.5.3.RELEASE/spring-boot-test-1.5.3.RELEASE.pom
2018-08-30 15:17:51,960 [Worker-24: Importing Maven projects] INFO  o.e.m.c.i.e.AbstractTransferListenerAdapter - Downloaded https://repo.maven.apache.org/maven2/org/springframework/boot/spring-boot-test/1.5.3.RELEASE/spring-boot-test-1.5.3.RELEASE.pom
2018-08-30 15:17:52,183 [Worker-24: Importing Maven projects] INFO  o.e.m.c.i.e.AbstractTransferListenerAdapter - Downloading https://repo.maven.apache.org/maven2/org/springframework/boot/spring-boot-test-autoconfigure/1.5.3.RELEASE/spring-boot-test-autoconfigure-1.5.3.RELEASE.pom
2018-08-30 15:17:52,398 [Worker-24: Importing Maven projects] INFO  o.e.m.c.i.e.AbstractTransferListenerAdapter - Downloaded https://repo.maven.apache.org/maven2/org/springframework/boot/spring-boot-test-autoconfigure/1.5.3.RELEASE/spring-boot-test-autoconfigure-1.5.3.RELEASE.pom
2018-08-30 15:17:53,364 [Worker-24: Importing Maven projects] INFO  o.e.m.c.i.e.AbstractTransferListenerAdapter - Downloading https://repo.maven.apache.org/maven2/org/springframework/spring-test/4.3.8.RELEASE/spring-test-4.3.8.RELEASE.pom
2018-08-30 15:17:53,645 [Worker-24: Importing Maven projects] INFO  o.e.m.c.i.e.AbstractTransferListenerAdapter - Downloaded https://repo.maven.apache.org/maven2/org/springframework/spring-test/4.3.8.RELEASE/spring-test-4.3.8.RELEASE.pom
2018-08-30 15:17:54,077 [Worker-24: Importing Maven projects] INFO  o.e.m.c.i.e.AbstractTransferListenerAdapter - Downloading https://repo.maven.apache.org/maven2/org/springframework/boot/spring-boot-starter-web/1.5.3.RELEASE/spring-boot-starter-web-1.5.3.RELEASE.jar
2018-08-30 15:17:54,316 [Worker-24: Importing Maven projects] INFO  o.e.m.c.i.e.AbstractTransferListenerAdapter - Downloaded https://repo.maven.apache.org/maven2/org/springframework/boot/spring-boot-starter-web/1.5.3.RELEASE/spring-boot-starter-web-1.5.3.RELEASE.jar
2018-08-30 15:17:54,504 [Worker-24: Importing Maven projects] INFO  o.e.m.c.i.e.AbstractTransferListenerAdapter - Downloading https://repo.maven.apache.org/maven2/org/springframework/boot/spring-boot-starter/1.5.3.RELEASE/spring-boot-starter-1.5.3.RELEASE.jar
2018-08-30 15:17:54,759 [Worker-24: Importing Maven projects] INFO  o.e.m.c.i.e.AbstractTransferListenerAdapter - Downloaded https://repo.maven.apache.org/maven2/org/springframework/boot/spring-boot-starter/1.5.3.RELEASE/spring-boot-starter-1.5.3.RELEASE.jar
2018-08-30 15:17:54,959 [Worker-24: Importing Maven projects] INFO  o.e.m.c.i.e.AbstractTransferListenerAdapter - Downloading https://repo.maven.apache.org/maven2/org/springframework/boot/spring-boot/1.5.3.RELEASE/spring-boot-1.5.3.RELEASE.jar
2018-08-30 15:17:56,809 [Worker-24: Importing Maven projects] INFO  o.e.m.c.i.e.AbstractTransferListenerAdapter - Downloaded https://repo.maven.apache.org/maven2/org/springframework/boot/spring-boot/1.5.3.RELEASE/spring-boot-1.5.3.RELEASE.jar
2018-08-30 15:17:56,999 [Worker-24: Importing Maven projects] INFO  o.e.m.c.i.e.AbstractTransferListenerAdapter - Downloading https://repo.maven.apache.org/maven2/org/springframework/boot/spring-boot-autoconfigure/1.5.3.RELEASE/spring-boot-autoconfigure-1.5.3.RELEASE.jar
2018-08-30 15:17:58,858 [Worker-24: Importing Maven projects] INFO  o.e.m.c.i.e.AbstractTransferListenerAdapter - Downloaded https://repo.maven.apache.org/maven2/org/springframework/boot/spring-boot-autoconfigure/1.5.3.RELEASE/spring-boot-autoconfigure-1.5.3.RELEASE.jar
2018-08-30 15:17:59,041 [Worker-24: Importing Maven projects] INFO  o.e.m.c.i.e.AbstractTransferListenerAdapter - Downloading https://repo.maven.apache.org/maven2/org/springframework/boot/spring-boot-starter-logging/1.5.3.RELEASE/spring-boot-starter-logging-1.5.3.RELEASE.jar
2018-08-30 15:17:59,282 [Worker-24: Importing Maven projects] INFO  o.e.m.c.i.e.AbstractTransferListenerAdapter - Downloaded https://repo.maven.apache.org/maven2/org/springframework/boot/spring-boot-starter-logging/1.5.3.RELEASE/spring-boot-starter-logging-1.5.3.RELEASE.jar
2018-08-30 15:17:59,466 [Worker-24: Importing Maven projects] INFO  o.e.m.c.i.e.AbstractTransferListenerAdapter - Downloading https://repo.maven.apache.org/maven2/org/springframework/boot/spring-boot-starter-tomcat/1.5.3.RELEASE/spring-boot-starter-tomcat-1.5.3.RELEASE.jar
2018-08-30 15:17:59,672 [Worker-24: Importing Maven projects] INFO  o.e.m.c.i.e.AbstractTransferListenerAdapter - Downloaded https://repo.maven.apache.org/maven2/org/springframework/boot/spring-boot-starter-tomcat/1.5.3.RELEASE/spring-boot-starter-tomcat-1.5.3.RELEASE.jar
2018-08-30 15:17:59,900 [Worker-24: Importing Maven projects] INFO  o.e.m.c.i.e.AbstractTransferListenerAdapter - Downloading https://repo.maven.apache.org/maven2/org/apache/tomcat/embed/tomcat-embed-core/8.5.14/tomcat-embed-core-8.5.14.jar
2018-08-30 15:18:04,654 [Worker-24: Importing Maven projects] INFO  o.e.m.c.i.e.AbstractTransferListenerAdapter - Downloaded https://repo.maven.apache.org/maven2/org/apache/tomcat/embed/tomcat-embed-core/8.5.14/tomcat-embed-core-8.5.14.jar
2018-08-30 15:18:04,847 [Worker-24: Importing Maven projects] INFO  o.e.m.c.i.e.AbstractTransferListenerAdapter - Downloading https://repo.maven.apache.org/maven2/org/apache/tomcat/embed/tomcat-embed-el/8.5.14/tomcat-embed-el-8.5.14.jar
2018-08-30 15:18:05,426 [Worker-24: Importing Maven projects] INFO  o.e.m.c.i.e.AbstractTransferListenerAdapter - Downloaded https://repo.maven.apache.org/maven2/org/apache/tomcat/embed/tomcat-embed-el/8.5.14/tomcat-embed-el-8.5.14.jar
2018-08-30 15:18:05,609 [Worker-24: Importing Maven projects] INFO  o.e.m.c.i.e.AbstractTransferListenerAdapter - Downloading https://repo.maven.apache.org/maven2/org/apache/tomcat/embed/tomcat-embed-websocket/8.5.14/tomcat-embed-websocket-8.5.14.jar
2018-08-30 15:18:06,193 [Worker-24: Importing Maven projects] INFO  o.e.m.c.i.e.AbstractTransferListenerAdapter - Downloaded https://repo.maven.apache.org/maven2/org/apache/tomcat/embed/tomcat-embed-websocket/8.5.14/tomcat-embed-websocket-8.5.14.jar
2018-08-30 15:18:06,396 [Worker-24: Importing Maven projects] INFO  o.e.m.c.i.e.AbstractTransferListenerAdapter - Downloading https://repo.maven.apache.org/maven2/com/fasterxml/jackson/core/jackson-databind/2.8.8/jackson-databind-2.8.8.jar
2018-08-30 15:18:08,616 [Worker-24: Importing Maven projects] INFO  o.e.m.c.i.e.AbstractTransferListenerAdapter - Downloaded https://repo.maven.apache.org/maven2/com/fasterxml/jackson/core/jackson-databind/2.8.8/jackson-databind-2.8.8.jar
2018-08-30 15:18:08,804 [Worker-24: Importing Maven projects] INFO  o.e.m.c.i.e.AbstractTransferListenerAdapter - Downloading https://repo.maven.apache.org/maven2/com/fasterxml/jackson/core/jackson-core/2.8.8/jackson-core-2.8.8.jar
2018-08-30 15:18:09,372 [Worker-24: Importing Maven projects] INFO  o.e.m.c.i.e.AbstractTransferListenerAdapter - Downloaded https://repo.maven.apache.org/maven2/com/fasterxml/jackson/core/jackson-core/2.8.8/jackson-core-2.8.8.jar
2018-08-30 15:18:09,561 [Worker-24: Importing Maven projects] INFO  o.e.m.c.i.e.AbstractTransferListenerAdapter - Downloading https://repo.maven.apache.org/maven2/org/springframework/spring-web/4.3.8.RELEASE/spring-web-4.3.8.RELEASE.jar
2018-08-30 15:18:10,868 [Worker-24: Importing Maven projects] INFO  o.e.m.c.i.e.AbstractTransferListenerAdapter - Downloaded https://repo.maven.apache.org/maven2/org/springframework/spring-web/4.3.8.RELEASE/spring-web-4.3.8.RELEASE.jar
2018-08-30 15:18:11,062 [Worker-24: Importing Maven projects] INFO  o.e.m.c.i.e.AbstractTransferListenerAdapter - Downloading https://repo.maven.apache.org/maven2/org/springframework/spring-aop/4.3.8.RELEASE/spring-aop-4.3.8.RELEASE.jar
2018-08-30 15:18:11,814 [Worker-24: Importing Maven projects] INFO  o.e.m.c.i.e.AbstractTransferListenerAdapter - Downloaded https://repo.maven.apache.org/maven2/org/springframework/spring-aop/4.3.8.RELEASE/spring-aop-4.3.8.RELEASE.jar
2018-08-30 15:18:11,996 [Worker-24: Importing Maven projects] INFO  o.e.m.c.i.e.AbstractTransferListenerAdapter - Downloading https://repo.maven.apache.org/maven2/org/springframework/spring-beans/4.3.8.RELEASE/spring-beans-4.3.8.RELEASE.jar
2018-08-30 15:18:13,306 [Worker-24: Importing Maven projects] INFO  o.e.m.c.i.e.AbstractTransferListenerAdapter - Downloaded https://repo.maven.apache.org/maven2/org/springframework/spring-beans/4.3.8.RELEASE/spring-beans-4.3.8.RELEASE.jar
2018-08-30 15:18:13,492 [Worker-24: Importing Maven projects] INFO  o.e.m.c.i.e.AbstractTransferListenerAdapter - Downloading https://repo.maven.apache.org/maven2/org/springframework/spring-context/4.3.8.RELEASE/spring-context-4.3.8.RELEASE.jar
2018-08-30 15:18:15,181 [Worker-24: Importing Maven projects] INFO  o.e.m.c.i.e.AbstractTransferListenerAdapter - Downloaded https://repo.maven.apache.org/maven2/org/springframework/spring-context/4.3.8.RELEASE/spring-context-4.3.8.RELEASE.jar
2018-08-30 15:18:15,385 [Worker-24: Importing Maven projects] INFO  o.e.m.c.i.e.AbstractTransferListenerAdapter - Downloading https://repo.maven.apache.org/maven2/org/springframework/spring-webmvc/4.3.8.RELEASE/spring-webmvc-4.3.8.RELEASE.jar
2018-08-30 15:18:17,045 [Worker-24: Importing Maven projects] INFO  o.e.m.c.i.e.AbstractTransferListenerAdapter - Downloaded https://repo.maven.apache.org/maven2/org/springframework/spring-webmvc/4.3.8.RELEASE/spring-webmvc-4.3.8.RELEASE.jar
2018-08-30 15:18:17,233 [Worker-24: Importing Maven projects] INFO  o.e.m.c.i.e.AbstractTransferListenerAdapter - Downloading https://repo.maven.apache.org/maven2/org/springframework/spring-expression/4.3.8.RELEASE/spring-expression-4.3.8.RELEASE.jar
2018-08-30 15:18:17,802 [Worker-24: Importing Maven projects] INFO  o.e.m.c.i.e.AbstractTransferListenerAdapter - Downloaded https://repo.maven.apache.org/maven2/org/springframework/spring-expression/4.3.8.RELEASE/spring-expression-4.3.8.RELEASE.jar
2018-08-30 15:18:17,989 [Worker-24: Importing Maven projects] INFO  o.e.m.c.i.e.AbstractTransferListenerAdapter - Downloading https://repo.maven.apache.org/maven2/org/springframework/boot/spring-boot-starter-test/1.5.3.RELEASE/spring-boot-starter-test-1.5.3.RELEASE.jar
2018-08-30 15:18:18,213 [Worker-24: Importing Maven projects] INFO  o.e.m.c.i.e.AbstractTransferListenerAdapter - Downloaded https://repo.maven.apache.org/maven2/org/springframework/boot/spring-boot-starter-test/1.5.3.RELEASE/spring-boot-starter-test-1.5.3.RELEASE.jar
2018-08-30 15:18:18,399 [Worker-24: Importing Maven projects] INFO  o.e.m.c.i.e.AbstractTransferListenerAdapter - Downloading https://repo.maven.apache.org/maven2/org/springframework/boot/spring-boot-test/1.5.3.RELEASE/spring-boot-test-1.5.3.RELEASE.jar
2018-08-30 15:18:18,781 [Worker-24: Importing Maven projects] INFO  o.e.m.c.i.e.AbstractTransferListenerAdapter - Downloaded https://repo.maven.apache.org/maven2/org/springframework/boot/spring-boot-test/1.5.3.RELEASE/spring-boot-test-1.5.3.RELEASE.jar
2018-08-30 15:18:18,971 [Worker-24: Importing Maven projects] INFO  o.e.m.c.i.e.AbstractTransferListenerAdapter - Downloading https://repo.maven.apache.org/maven2/org/springframework/boot/spring-boot-test-autoconfigure/1.5.3.RELEASE/spring-boot-test-autoconfigure-1.5.3.RELEASE.jar
2018-08-30 15:18:19,214 [Worker-24: Importing Maven projects] INFO  o.e.m.c.i.e.AbstractTransferListenerAdapter - Downloaded https://repo.maven.apache.org/maven2/org/springframework/boot/spring-boot-test-autoconfigure/1.5.3.RELEASE/spring-boot-test-autoconfigure-1.5.3.RELEASE.jar
2018-08-30 15:18:19,403 [Worker-24: Importing Maven projects] INFO  o.e.m.c.i.e.AbstractTransferListenerAdapter - Downloading https://repo.maven.apache.org/maven2/org/springframework/spring-core/4.3.8.RELEASE/spring-core-4.3.8.RELEASE.jar
2018-08-30 15:18:21,293 [Worker-24: Importing Maven projects] INFO  o.e.m.c.i.e.AbstractTransferListenerAdapter - Downloaded https://repo.maven.apache.org/maven2/org/springframework/spring-core/4.3.8.RELEASE/spring-core-4.3.8.RELEASE.jar
2018-08-30 15:18:21,491 [Worker-24: Importing Maven projects] INFO  o.e.m.c.i.e.AbstractTransferListenerAdapter - Downloading https://repo.maven.apache.org/maven2/org/springframework/spring-test/4.3.8.RELEASE/spring-test-4.3.8.RELEASE.jar
2018-08-30 15:18:22,610 [Worker-24: Importing Maven projects] INFO  o.e.m.c.i.e.AbstractTransferListenerAdapter - Downloaded https://repo.maven.apache.org/maven2/org/springframework/spring-test/4.3.8.RELEASE/spring-test-4.3.8.RELEASE.jar
2018-08-30 15:18:34,678 [Worker-11: Download sources and javadoc] INFO  o.e.m.c.i.e.AbstractTransferListenerAdapter - Downloading https://repo.maven.apache.org/maven2/org/springframework/boot/spring-boot-starter-web/1.5.3.RELEASE/spring-boot-starter-web-1.5.3.RELEASE-sources.jar
2018-08-30 15:18:34,887 [Worker-11: Download sources and javadoc] INFO  o.e.m.c.i.e.AbstractTransferListenerAdapter - Downloaded https://repo.maven.apache.org/maven2/org/springframework/boot/spring-boot-starter-web/1.5.3.RELEASE/spring-boot-starter-web-1.5.3.RELEASE-sources.jar
2018-08-30 15:18:35,239 [Worker-11: Download sources and javadoc] INFO  o.e.m.j.internal.DownloadSourcesJob - Downloaded sources for org.springframework.boot:spring-boot-starter-web:1.5.3.RELEASE
2018-08-30 15:18:35,425 [Worker-11: Download sources and javadoc] INFO  o.e.m.c.i.e.AbstractTransferListenerAdapter - Downloading https://repo.maven.apache.org/maven2/org/springframework/boot/spring-boot-starter/1.5.3.RELEASE/spring-boot-starter-1.5.3.RELEASE-sources.jar
2018-08-30 15:18:35,626 [Worker-11: Download sources and javadoc] INFO  o.e.m.c.i.e.AbstractTransferListenerAdapter - Downloaded https://repo.maven.apache.org/maven2/org/springframework/boot/spring-boot-starter/1.5.3.RELEASE/spring-boot-starter-1.5.3.RELEASE-sources.jar
2018-08-30 15:18:35,868 [Worker-11: Download sources and javadoc] INFO  o.e.m.j.internal.DownloadSourcesJob - Downloaded sources for org.springframework.boot:spring-boot-starter:1.5.3.RELEASE
2018-08-30 15:18:36,045 [Worker-11: Download sources and javadoc] INFO  o.e.m.c.i.e.AbstractTransferListenerAdapter - Downloading https://repo.maven.apache.org/maven2/org/springframework/boot/spring-boot/1.5.3.RELEASE/spring-boot-1.5.3.RELEASE-sources.jar
2018-08-30 15:18:36,687 [Worker-24: Importing Maven projects] INFO  o.e.m.j.i.AbstractJavaProjectConfigurator - Adding source folder /SpringBootAngularIntegration/src/main/java
2018-08-30 15:18:36,688 [Worker-24: Importing Maven projects] INFO  o.e.m.j.i.AbstractJavaProjectConfigurator - Adding resource folder /SpringBootAngularIntegration/src/main/resources
2018-08-30 15:18:36,801 [Worker-24: Importing Maven projects] INFO  o.e.m.j.i.AbstractJavaProjectConfigurator - Adding resource folder /SpringBootAngularIntegration/src/main/resources
2018-08-30 15:18:36,812 [Worker-24: Importing Maven projects] INFO  o.e.m.j.i.AbstractJavaProjectConfigurator - Adding source folder /SpringBootAngularIntegration/src/test/java
2018-08-30 15:18:42,907 [Worker-24: Importing Maven projects] INFO  o.e.m.c.i.p.ProjectConfigurationManager - Imported and configured 1 project(s) in 85 sec
2018-08-30 15:18:44,221 [Worker-11: Download sources and javadoc] INFO  o.e.m.c.i.e.AbstractTransferListenerAdapter - Downloaded https://repo.maven.apache.org/maven2/org/springframework/boot/spring-boot/1.5.3.RELEASE/spring-boot-1.5.3.RELEASE-sources.jar
2018-08-30 15:18:44,503 [Worker-11: Download sources and javadoc] INFO  o.e.m.j.internal.DownloadSourcesJob - Downloaded sources for org.springframework.boot:spring-boot:1.5.3.RELEASE
2018-08-30 15:18:44,698 [Worker-11: Download sources and javadoc] INFO  o.e.m.c.i.e.AbstractTransferListenerAdapter - Downloading https://repo.maven.apache.org/maven2/org/springframework/boot/spring-boot-autoconfigure/1.5.3.RELEASE/spring-boot-autoconfigure-1.5.3.RELEASE-sources.jar
2018-08-30 15:18:45,547 [Worker-11: Download sources and javadoc] INFO  o.e.m.c.i.e.AbstractTransferListenerAdapter - Downloaded https://repo.maven.apache.org/maven2/org/springframework/boot/spring-boot-autoconfigure/1.5.3.RELEASE/spring-boot-autoconfigure-1.5.3.RELEASE-sources.jar
2018-08-30 15:18:46,034 [Worker-11: Download sources and javadoc] INFO  o.e.m.j.internal.DownloadSourcesJob - Downloaded sources for org.springframework.boot:spring-boot-autoconfigure:1.5.3.RELEASE
2018-08-30 15:18:46,215 [Worker-11: Download sources and javadoc] INFO  o.e.m.c.i.e.AbstractTransferListenerAdapter - Downloading https://repo.maven.apache.org/maven2/org/springframework/boot/spring-boot-starter-logging/1.5.3.RELEASE/spring-boot-starter-logging-1.5.3.RELEASE-sources.jar
2018-08-30 15:18:46,414 [Worker-11: Download sources and javadoc] INFO  o.e.m.c.i.e.AbstractTransferListenerAdapter - Downloaded https://repo.maven.apache.org/maven2/org/springframework/boot/spring-boot-starter-logging/1.5.3.RELEASE/spring-boot-starter-logging-1.5.3.RELEASE-sources.jar
2018-08-30 15:18:46,702 [Worker-11: Download sources and javadoc] INFO  o.e.m.j.internal.DownloadSourcesJob - Downloaded sources for org.springframework.boot:spring-boot-starter-logging:1.5.3.RELEASE
2018-08-30 15:18:46,879 [Worker-11: Download sources and javadoc] INFO  o.e.m.c.i.e.AbstractTransferListenerAdapter - Downloading https://repo.maven.apache.org/maven2/org/springframework/boot/spring-boot-starter-tomcat/1.5.3.RELEASE/spring-boot-starter-tomcat-1.5.3.RELEASE-sources.jar
2018-08-30 15:18:47,073 [Worker-11: Download sources and javadoc] INFO  o.e.m.c.i.e.AbstractTransferListenerAdapter - Downloaded https://repo.maven.apache.org/maven2/org/springframework/boot/spring-boot-starter-tomcat/1.5.3.RELEASE/spring-boot-starter-tomcat-1.5.3.RELEASE-sources.jar
2018-08-30 15:18:47,443 [Worker-11: Download sources and javadoc] INFO  o.e.m.j.internal.DownloadSourcesJob - Downloaded sources for org.springframework.boot:spring-boot-starter-tomcat:1.5.3.RELEASE
2018-08-30 15:18:47,621 [Worker-11: Download sources and javadoc] INFO  o.e.m.c.i.e.AbstractTransferListenerAdapter - Downloading https://repo.maven.apache.org/maven2/org/apache/tomcat/embed/tomcat-embed-core/8.5.14/tomcat-embed-core-8.5.14-sources.jar
2018-08-30 15:18:50,505 [Worker-11: Download sources and javadoc] INFO  o.e.m.c.i.e.AbstractTransferListenerAdapter - Downloaded https://repo.maven.apache.org/maven2/org/apache/tomcat/embed/tomcat-embed-core/8.5.14/tomcat-embed-core-8.5.14-sources.jar
2018-08-30 15:18:51,107 [Worker-11: Download sources and javadoc] INFO  o.e.m.j.internal.DownloadSourcesJob - Downloaded sources for org.apache.tomcat.embed:tomcat-embed-core:8.5.14
2018-08-30 15:18:51,297 [Worker-11: Download sources and javadoc] INFO  o.e.m.c.i.e.AbstractTransferListenerAdapter - Downloading https://repo.maven.apache.org/maven2/org/apache/tomcat/embed/tomcat-embed-el/8.5.14/tomcat-embed-el-8.5.14-sources.jar
2018-08-30 15:18:52,594 [Worker-11: Download sources and javadoc] INFO  o.e.m.c.i.e.AbstractTransferListenerAdapter - Downloaded https://repo.maven.apache.org/maven2/org/apache/tomcat/embed/tomcat-embed-el/8.5.14/tomcat-embed-el-8.5.14-sources.jar
2018-08-30 15:18:53,031 [Worker-11: Download sources and javadoc] INFO  o.e.m.j.internal.DownloadSourcesJob - Downloaded sources for org.apache.tomcat.embed:tomcat-embed-el:8.5.14
2018-08-30 15:18:53,214 [Worker-11: Download sources and javadoc] INFO  o.e.m.c.i.e.AbstractTransferListenerAdapter - Downloading https://repo.maven.apache.org/maven2/org/apache/tomcat/embed/tomcat-embed-websocket/8.5.14/tomcat-embed-websocket-8.5.14-sources.jar
2018-08-30 15:18:53,806 [Worker-11: Download sources and javadoc] INFO  o.e.m.c.i.e.AbstractTransferListenerAdapter - Downloaded https://repo.maven.apache.org/maven2/org/apache/tomcat/embed/tomcat-embed-websocket/8.5.14/tomcat-embed-websocket-8.5.14-sources.jar
2018-08-30 15:18:54,121 [Worker-11: Download sources and javadoc] INFO  o.e.m.j.internal.DownloadSourcesJob - Downloaded sources for org.apache.tomcat.embed:tomcat-embed-websocket:8.5.14
2018-08-30 15:18:54,316 [Worker-11: Download sources and javadoc] INFO  o.e.m.c.i.e.AbstractTransferListenerAdapter - Downloading https://repo.maven.apache.org/maven2/com/fasterxml/jackson/core/jackson-databind/2.8.8/jackson-databind-2.8.8-sources.jar
2018-08-30 15:18:55,403 [Worker-30: Building workspace] INFO  o.e.m.c.i.embedder.EclipseLogger - Using 'UTF-8' encoding to copy filtered resources.
2018-08-30 15:18:55,436 [Worker-30: Building workspace] INFO  o.e.m.c.i.embedder.EclipseLogger - Copying 1 resource
2018-08-30 15:18:55,453 [Worker-30: Building workspace] INFO  o.e.m.c.i.embedder.EclipseLogger - Copying 0 resource
2018-08-30 15:18:55,463 [Worker-30: Building workspace] INFO  o.e.m.c.i.embedder.EclipseLogger - Using 'UTF-8' encoding to copy filtered resources.
2018-08-30 15:18:55,464 [Worker-30: Building workspace] INFO  o.e.m.c.i.embedder.EclipseLogger - skip non existing resourceDirectory D:\Bkp_Joseffer\Download\ExemploJava\SpringBoot_Angular\SpringBootAngularIntegration\src\test\resources
2018-08-30 15:18:55,769 [Worker-11: Download sources and javadoc] INFO  o.e.m.c.i.e.AbstractTransferListenerAdapter - Downloaded https://repo.maven.apache.org/maven2/com/fasterxml/jackson/core/jackson-databind/2.8.8/jackson-databind-2.8.8-sources.jar
2018-08-30 15:18:56,018 [Worker-11: Download sources and javadoc] INFO  o.e.m.j.internal.DownloadSourcesJob - Downloaded sources for com.fasterxml.jackson.core:jackson-databind:2.8.8
2018-08-30 15:18:56,212 [Worker-11: Download sources and javadoc] INFO  o.e.m.c.i.e.AbstractTransferListenerAdapter - Downloading https://repo.maven.apache.org/maven2/com/fasterxml/jackson/core/jackson-core/2.8.8/jackson-core-2.8.8-sources.jar
2018-08-30 15:18:56,786 [Worker-11: Download sources and javadoc] INFO  o.e.m.c.i.e.AbstractTransferListenerAdapter - Downloaded https://repo.maven.apache.org/maven2/com/fasterxml/jackson/core/jackson-core/2.8.8/jackson-core-2.8.8-sources.jar
2018-08-30 15:18:57,228 [Worker-11: Download sources and javadoc] INFO  o.e.m.j.internal.DownloadSourcesJob - Downloaded sources for com.fasterxml.jackson.core:jackson-core:2.8.8
2018-08-30 15:18:57,429 [Worker-11: Download sources and javadoc] INFO  o.e.m.c.i.e.AbstractTransferListenerAdapter - Downloading https://repo.maven.apache.org/maven2/org/springframework/spring-web/4.3.8.RELEASE/spring-web-4.3.8.RELEASE-sources.jar
2018-08-30 15:18:58,687 [Worker-11: Download sources and javadoc] INFO  o.e.m.c.i.e.AbstractTransferListenerAdapter - Downloaded https://repo.maven.apache.org/maven2/org/springframework/spring-web/4.3.8.RELEASE/spring-web-4.3.8.RELEASE-sources.jar
2018-08-30 15:18:58,902 [Worker-11: Download sources and javadoc] INFO  o.e.m.j.internal.DownloadSourcesJob - Downloaded sources for org.springframework:spring-web:4.3.8.RELEASE
2018-08-30 15:18:59,089 [Worker-11: Download sources and javadoc] INFO  o.e.m.c.i.e.AbstractTransferListenerAdapter - Downloading https://repo.maven.apache.org/maven2/org/springframework/spring-aop/4.3.8.RELEASE/spring-aop-4.3.8.RELEASE-sources.jar
2018-08-30 15:18:59,801 [Worker-11: Download sources and javadoc] INFO  o.e.m.c.i.e.AbstractTransferListenerAdapter - Downloaded https://repo.maven.apache.org/maven2/org/springframework/spring-aop/4.3.8.RELEASE/spring-aop-4.3.8.RELEASE-sources.jar
2018-08-30 15:19:00,206 [Worker-11: Download sources and javadoc] INFO  o.e.m.j.internal.DownloadSourcesJob - Downloaded sources for org.springframework:spring-aop:4.3.8.RELEASE
2018-08-30 15:19:00,405 [Worker-11: Download sources and javadoc] INFO  o.e.m.c.i.e.AbstractTransferListenerAdapter - Downloading https://repo.maven.apache.org/maven2/org/springframework/spring-beans/4.3.8.RELEASE/spring-beans-4.3.8.RELEASE-sources.jar
2018-08-30 15:19:01,258 [Worker-27: Building workspace] INFO  o.e.m.c.i.embedder.EclipseLogger - Using 'UTF-8' encoding to copy filtered resources.
2018-08-30 15:19:01,288 [Worker-27: Building workspace] INFO  o.e.m.c.i.embedder.EclipseLogger - Copying 0 resource
2018-08-30 15:19:01,288 [Worker-27: Building workspace] INFO  o.e.m.c.i.embedder.EclipseLogger - Copying 0 resource
2018-08-30 15:19:01,295 [Worker-27: Building workspace] INFO  o.e.m.c.i.embedder.EclipseLogger - Using 'UTF-8' encoding to copy filtered resources.
2018-08-30 15:19:01,295 [Worker-27: Building workspace] INFO  o.e.m.c.i.embedder.EclipseLogger - skip non existing resourceDirectory D:\Bkp_Joseffer\Download\ExemploJava\SpringBoot_Angular\SpringBootAngularIntegration\src\test\resources
2018-08-30 15:19:01,492 [Worker-11: Download sources and javadoc] INFO  o.e.m.c.i.e.AbstractTransferListenerAdapter - Downloaded https://repo.maven.apache.org/maven2/org/springframework/spring-beans/4.3.8.RELEASE/spring-beans-4.3.8.RELEASE-sources.jar
2018-08-30 15:19:01,792 [Worker-11: Download sources and javadoc] INFO  o.e.m.j.internal.DownloadSourcesJob - Downloaded sources for org.springframework:spring-beans:4.3.8.RELEASE
2018-08-30 15:19:01,988 [Worker-11: Download sources and javadoc] INFO  o.e.m.c.i.e.AbstractTransferListenerAdapter - Downloading https://repo.maven.apache.org/maven2/org/springframework/spring-context/4.3.8.RELEASE/spring-context-4.3.8.RELEASE-sources.jar
2018-08-30 15:19:03,778 [Worker-11: Download sources and javadoc] INFO  o.e.m.c.i.e.AbstractTransferListenerAdapter - Downloaded https://repo.maven.apache.org/maven2/org/springframework/spring-context/4.3.8.RELEASE/spring-context-4.3.8.RELEASE-sources.jar
2018-08-30 15:19:04,058 [Worker-11: Download sources and javadoc] INFO  o.e.m.j.internal.DownloadSourcesJob - Downloaded sources for org.springframework:spring-context:4.3.8.RELEASE
2018-08-30 15:19:04,251 [Worker-11: Download sources and javadoc] INFO  o.e.m.c.i.e.AbstractTransferListenerAdapter - Downloading https://repo.maven.apache.org/maven2/org/springframework/spring-webmvc/4.3.8.RELEASE/spring-webmvc-4.3.8.RELEASE-sources.jar
2018-08-30 15:19:05,541 [Worker-11: Download sources and javadoc] INFO  o.e.m.c.i.e.AbstractTransferListenerAdapter - Downloaded https://repo.maven.apache.org/maven2/org/springframework/spring-webmvc/4.3.8.RELEASE/spring-webmvc-4.3.8.RELEASE-sources.jar
2018-08-30 15:19:05,793 [Worker-11: Download sources and javadoc] INFO  o.e.m.j.internal.DownloadSourcesJob - Downloaded sources for org.springframework:spring-webmvc:4.3.8.RELEASE
2018-08-30 15:19:05,979 [Worker-11: Download sources and javadoc] INFO  o.e.m.c.i.e.AbstractTransferListenerAdapter - Downloading https://repo.maven.apache.org/maven2/org/springframework/spring-expression/4.3.8.RELEASE/spring-expression-4.3.8.RELEASE-sources.jar
2018-08-30 15:19:06,356 [Worker-11: Download sources and javadoc] INFO  o.e.m.c.i.e.AbstractTransferListenerAdapter - Downloaded https://repo.maven.apache.org/maven2/org/springframework/spring-expression/4.3.8.RELEASE/spring-expression-4.3.8.RELEASE-sources.jar
2018-08-30 15:19:06,563 [Worker-11: Download sources and javadoc] INFO  o.e.m.j.internal.DownloadSourcesJob - Downloaded sources for org.springframework:spring-expression:4.3.8.RELEASE
2018-08-30 15:19:06,746 [Worker-11: Download sources and javadoc] INFO  o.e.m.c.i.e.AbstractTransferListenerAdapter - Downloading https://repo.maven.apache.org/maven2/org/springframework/boot/spring-boot-starter-test/1.5.3.RELEASE/spring-boot-starter-test-1.5.3.RELEASE-sources.jar
2018-08-30 15:19:06,939 [Worker-11: Download sources and javadoc] INFO  o.e.m.c.i.e.AbstractTransferListenerAdapter - Downloaded https://repo.maven.apache.org/maven2/org/springframework/boot/spring-boot-starter-test/1.5.3.RELEASE/spring-boot-starter-test-1.5.3.RELEASE-sources.jar
2018-08-30 15:19:07,262 [Worker-11: Download sources and javadoc] INFO  o.e.m.j.internal.DownloadSourcesJob - Downloaded sources for org.springframework.boot:spring-boot-starter-test:1.5.3.RELEASE
2018-08-30 15:19:07,445 [Worker-11: Download sources and javadoc] INFO  o.e.m.c.i.e.AbstractTransferListenerAdapter - Downloading https://repo.maven.apache.org/maven2/org/springframework/boot/spring-boot-test/1.5.3.RELEASE/spring-boot-test-1.5.3.RELEASE-sources.jar
2018-08-30 15:19:07,655 [Worker-11: Download sources and javadoc] INFO  o.e.m.c.i.e.AbstractTransferListenerAdapter - Downloaded https://repo.maven.apache.org/maven2/org/springframework/boot/spring-boot-test/1.5.3.RELEASE/spring-boot-test-1.5.3.RELEASE-sources.jar
2018-08-30 15:19:07,912 [Worker-11: Download sources and javadoc] INFO  o.e.m.j.internal.DownloadSourcesJob - Downloaded sources for org.springframework.boot:spring-boot-test:1.5.3.RELEASE
2018-08-30 15:19:08,096 [Worker-11: Download sources and javadoc] INFO  o.e.m.c.i.e.AbstractTransferListenerAdapter - Downloading https://repo.maven.apache.org/maven2/org/springframework/boot/spring-boot-test-autoconfigure/1.5.3.RELEASE/spring-boot-test-autoconfigure-1.5.3.RELEASE-sources.jar
2018-08-30 15:19:08,297 [Worker-11: Download sources and javadoc] INFO  o.e.m.c.i.e.AbstractTransferListenerAdapter - Downloaded https://repo.maven.apache.org/maven2/org/springframework/boot/spring-boot-test-autoconfigure/1.5.3.RELEASE/spring-boot-test-autoconfigure-1.5.3.RELEASE-sources.jar
2018-08-30 15:19:08,700 [Worker-11: Download sources and javadoc] INFO  o.e.m.j.internal.DownloadSourcesJob - Downloaded sources for org.springframework.boot:spring-boot-test-autoconfigure:1.5.3.RELEASE
2018-08-30 15:19:08,913 [Worker-11: Download sources and javadoc] INFO  o.e.m.c.i.e.AbstractTransferListenerAdapter - Downloading https://repo.maven.apache.org/maven2/org/springframework/spring-core/4.3.8.RELEASE/spring-core-4.3.8.RELEASE-sources.jar
2018-08-30 15:19:10,013 [Worker-11: Download sources and javadoc] INFO  o.e.m.c.i.e.AbstractTransferListenerAdapter - Downloaded https://repo.maven.apache.org/maven2/org/springframework/spring-core/4.3.8.RELEASE/spring-core-4.3.8.RELEASE-sources.jar
2018-08-30 15:19:10,248 [Worker-11: Download sources and javadoc] INFO  o.e.m.j.internal.DownloadSourcesJob - Downloaded sources for org.springframework:spring-core:4.3.8.RELEASE
2018-08-30 15:19:10,436 [Worker-11: Download sources and javadoc] INFO  o.e.m.c.i.e.AbstractTransferListenerAdapter - Downloading https://repo.maven.apache.org/maven2/org/springframework/spring-test/4.3.8.RELEASE/spring-test-4.3.8.RELEASE-sources.jar
2018-08-30 15:19:11,164 [Worker-11: Download sources and javadoc] INFO  o.e.m.c.i.e.AbstractTransferListenerAdapter - Downloaded https://repo.maven.apache.org/maven2/org/springframework/spring-test/4.3.8.RELEASE/spring-test-4.3.8.RELEASE-sources.jar
2018-08-30 15:19:11,559 [Worker-11: Download sources and javadoc] INFO  o.e.m.j.internal.DownloadSourcesJob - Downloaded sources for org.springframework:spring-test:4.3.8.RELEASE
2018-08-30 15:19:12,414 [Worker-29: Building workspace] INFO  o.e.m.c.i.embedder.EclipseLogger - Using 'UTF-8' encoding to copy filtered resources.
2018-08-30 15:19:12,414 [Worker-29: Building workspace] INFO  o.e.m.c.i.embedder.EclipseLogger - Copying 0 resource
2018-08-30 15:19:12,415 [Worker-29: Building workspace] INFO  o.e.m.c.i.embedder.EclipseLogger - Copying 0 resource
2018-08-30 15:19:12,417 [Worker-29: Building workspace] INFO  o.e.m.c.i.embedder.EclipseLogger - Using 'UTF-8' encoding to copy filtered resources.
2018-08-30 15:19:12,417 [Worker-29: Building workspace] INFO  o.e.m.c.i.embedder.EclipseLogger - skip non existing resourceDirectory D:\Bkp_Joseffer\Download\ExemploJava\SpringBoot_Angular\SpringBootAngularIntegration\src\test\resources
2018-08-30 15:19:12,938 [Worker-11: Download sources and javadoc] INFO  o.e.m.j.internal.DownloadSourcesJob - Downloaded sources for org.springframework.boot:spring-boot:1.5.3.RELEASE
2018-08-30 15:19:12,947 [Worker-11: Download sources and javadoc] INFO  o.e.m.j.internal.DownloadSourcesJob - Downloaded sources for org.springframework.boot:spring-boot-autoconfigure:1.5.3.RELEASE
2018-08-30 15:19:12,956 [Worker-11: Download sources and javadoc] INFO  o.e.m.j.internal.DownloadSourcesJob - Downloaded sources for org.springframework.boot:spring-boot-starter-logging:1.5.3.RELEASE
2018-08-30 15:19:13,044 [Worker-11: Download sources and javadoc] INFO  o.e.m.j.internal.DownloadSourcesJob - Downloaded sources for org.springframework.boot:spring-boot-starter-tomcat:1.5.3.RELEASE
2018-08-30 15:19:13,050 [Worker-11: Download sources and javadoc] INFO  o.e.m.j.internal.DownloadSourcesJob - Downloaded sources for org.apache.tomcat.embed:tomcat-embed-core:8.5.14
2018-08-30 15:19:13,059 [Worker-11: Download sources and javadoc] INFO  o.e.m.j.internal.DownloadSourcesJob - Downloaded sources for org.apache.tomcat.embed:tomcat-embed-el:8.5.14
2018-08-30 15:19:13,066 [Worker-11: Download sources and javadoc] INFO  o.e.m.j.internal.DownloadSourcesJob - Downloaded sources for org.apache.tomcat.embed:tomcat-embed-websocket:8.5.14
2018-08-30 15:19:13,073 [Worker-11: Download sources and javadoc] INFO  o.e.m.j.internal.DownloadSourcesJob - Downloaded sources for com.fasterxml.jackson.core:jackson-databind:2.8.8
2018-08-30 15:19:13,080 [Worker-11: Download sources and javadoc] INFO  o.e.m.j.internal.DownloadSourcesJob - Downloaded sources for com.fasterxml.jackson.core:jackson-core:2.8.8
2018-08-30 15:19:13,087 [Worker-11: Download sources and javadoc] INFO  o.e.m.j.internal.DownloadSourcesJob - Downloaded sources for org.springframework:spring-web:4.3.8.RELEASE
2018-08-30 15:19:13,096 [Worker-11: Download sources and javadoc] INFO  o.e.m.j.internal.DownloadSourcesJob - Downloaded sources for org.springframework:spring-aop:4.3.8.RELEASE
2018-08-30 15:19:13,103 [Worker-11: Download sources and javadoc] INFO  o.e.m.j.internal.DownloadSourcesJob - Downloaded sources for org.springframework:spring-beans:4.3.8.RELEASE
2018-08-30 15:19:13,109 [Worker-11: Download sources and javadoc] INFO  o.e.m.j.internal.DownloadSourcesJob - Downloaded sources for org.springframework:spring-context:4.3.8.RELEASE
2018-08-30 15:19:13,161 [Worker-11: Download sources and javadoc] INFO  o.e.m.j.internal.DownloadSourcesJob - Downloaded sources for org.springframework:spring-webmvc:4.3.8.RELEASE
2018-08-30 15:19:13,167 [Worker-11: Download sources and javadoc] INFO  o.e.m.j.internal.DownloadSourcesJob - Downloaded sources for org.springframework:spring-expression:4.3.8.RELEASE
2018-08-30 15:19:13,173 [Worker-11: Download sources and javadoc] INFO  o.e.m.j.internal.DownloadSourcesJob - Downloaded sources for org.springframework.boot:spring-boot-starter-test:1.5.3.RELEASE
2018-08-30 15:19:13,179 [Worker-11: Download sources and javadoc] INFO  o.e.m.j.internal.DownloadSourcesJob - Downloaded sources for org.springframework.boot:spring-boot-test:1.5.3.RELEASE
2018-08-30 15:19:13,185 [Worker-11: Download sources and javadoc] INFO  o.e.m.j.internal.DownloadSourcesJob - Downloaded sources for org.springframework.boot:spring-boot-test-autoconfigure:1.5.3.RELEASE
2018-08-30 15:19:13,193 [Worker-11: Download sources and javadoc] INFO  o.e.m.j.internal.DownloadSourcesJob - Downloaded sources for org.springframework:spring-core:4.3.8.RELEASE
2018-08-30 15:19:13,199 [Worker-11: Download sources and javadoc] INFO  o.e.m.j.internal.DownloadSourcesJob - Downloaded sources for org.springframework:spring-test:4.3.8.RELEASE
2018-08-30 15:19:13,474 [Worker-24: Building workspace] INFO  o.e.m.c.i.embedder.EclipseLogger - Using 'UTF-8' encoding to copy filtered resources.
2018-08-30 15:19:13,474 [Worker-24: Building workspace] INFO  o.e.m.c.i.embedder.EclipseLogger - Copying 0 resource
2018-08-30 15:19:13,474 [Worker-24: Building workspace] INFO  o.e.m.c.i.embedder.EclipseLogger - Copying 0 resource
2018-08-30 15:19:13,477 [Worker-24: Building workspace] INFO  o.e.m.c.i.embedder.EclipseLogger - Using 'UTF-8' encoding to copy filtered resources.
2018-08-30 15:19:13,477 [Worker-24: Building workspace] INFO  o.e.m.c.i.embedder.EclipseLogger - skip non existing resourceDirectory D:\Bkp_Joseffer\Download\ExemploJava\SpringBoot_Angular\SpringBootAngularIntegration\src\test\resources
2018-08-30 15:20:25,950 [Worker-25: Building workspace] INFO  o.e.m.c.i.embedder.EclipseLogger - Using 'UTF-8' encoding to copy filtered resources.
2018-08-30 15:20:25,950 [Worker-25: Building workspace] INFO  o.e.m.c.i.embedder.EclipseLogger - skip non existing resourceDirectory D:\Bkp_Joseffer\Download\ExemploJava\SpringBoot_Angular\SpringBootAngularIntegration\src\main\resources
2018-08-30 15:20:25,950 [Worker-25: Building workspace] INFO  o.e.m.c.i.embedder.EclipseLogger - skip non existing resourceDirectory D:\Bkp_Joseffer\Download\ExemploJava\SpringBoot_Angular\SpringBootAngularIntegration\src\main\resources
2018-08-30 15:20:25,953 [Worker-25: Building workspace] INFO  o.e.m.c.i.embedder.EclipseLogger - Using 'UTF-8' encoding to copy filtered resources.
2018-08-30 15:20:25,953 [Worker-25: Building workspace] INFO  o.e.m.c.i.embedder.EclipseLogger - skip non existing resourceDirectory D:\Bkp_Joseffer\Download\ExemploJava\SpringBoot_Angular\SpringBootAngularIntegration\src\test\resources
